2024-06-18 22:38:30 DEBUG AStar:54 - Starting A* algorithm...
2024-06-18 22:38:30 DEBUG AStar:55 - Start: A
2024-06-18 22:38:30 DEBUG AStar:56 - Goal: M
2024-06-18 22:38:30 DEBUG AStar:60 - Visiting: A
2024-06-18 22:38:30 DEBUG AStar:69 - Checking edge from A to B with weight 1.0
2024-06-18 22:38:30 DEBUG AStar:72 - Updating path to B. Previous gScore: Infinity, new gScore: 1.0
2024-06-18 22:38:30 DEBUG AStar:79 - Added B to open set.
2024-06-18 22:38:30 DEBUG AStar:69 - Checking edge from A to C with weight 4.0
2024-06-18 22:38:30 DEBUG AStar:72 - Updating path to C. Previous gScore: Infinity, new gScore: 4.0
2024-06-18 22:38:30 DEBUG AStar:79 - Added C to open set.
2024-06-18 22:38:30 DEBUG AStar:60 - Visiting: B
2024-06-18 22:38:30 DEBUG AStar:69 - Checking edge from B to D with weight 2.0
2024-06-18 22:38:30 DEBUG AStar:72 - Updating path to D. Previous gScore: Infinity, new gScore: 3.0
2024-06-18 22:38:30 DEBUG AStar:79 - Added D to open set.
2024-06-18 22:38:30 DEBUG AStar:69 - Checking edge from B to E with weight 5.0
2024-06-18 22:38:30 DEBUG AStar:72 - Updating path to E. Previous gScore: Infinity, new gScore: 6.0
2024-06-18 22:38:30 DEBUG AStar:79 - Added E to open set.
2024-06-18 22:38:30 DEBUG AStar:60 - Visiting: C
2024-06-18 22:38:30 DEBUG AStar:69 - Checking edge from C to F with weight 3.0
2024-06-18 22:38:30 DEBUG AStar:72 - Updating path to F. Previous gScore: Infinity, new gScore: 7.0
2024-06-18 22:38:30 DEBUG AStar:79 - Added F to open set.
2024-06-18 22:38:30 DEBUG AStar:69 - Checking edge from C to G with weight 6.0
2024-06-18 22:38:30 DEBUG AStar:72 - Updating path to G. Previous gScore: Infinity, new gScore: 10.0
2024-06-18 22:38:30 DEBUG AStar:79 - Added G to open set.
2024-06-18 22:38:30 DEBUG AStar:60 - Visiting: E
2024-06-18 22:38:30 DEBUG AStar:69 - Checking edge from E to I with weight 2.0
2024-06-18 22:38:30 DEBUG AStar:72 - Updating path to I. Previous gScore: Infinity, new gScore: 8.0
2024-06-18 22:38:30 DEBUG AStar:79 - Added I to open set.
2024-06-18 22:38:30 DEBUG AStar:60 - Visiting: D
2024-06-18 22:38:30 DEBUG AStar:69 - Checking edge from D to H with weight 3.0
2024-06-18 22:38:30 DEBUG AStar:72 - Updating path to H. Previous gScore: Infinity, new gScore: 6.0
2024-06-18 22:38:30 DEBUG AStar:79 - Added H to open set.
2024-06-18 22:38:30 DEBUG AStar:60 - Visiting: I
2024-06-18 22:38:30 DEBUG AStar:69 - Checking edge from I to M with weight 5.0
2024-06-18 22:38:30 DEBUG AStar:72 - Updating path to M. Previous gScore: Infinity, new gScore: 13.0
2024-06-18 22:38:30 DEBUG AStar:79 - Added M to open set.
2024-06-18 22:38:30 DEBUG AStar:60 - Visiting: F
2024-06-18 22:38:30 DEBUG AStar:69 - Checking edge from F to J with weight 4.0
2024-06-18 22:38:30 DEBUG AStar:72 - Updating path to J. Previous gScore: Infinity, new gScore: 11.0
2024-06-18 22:38:30 DEBUG AStar:79 - Added J to open set.
2024-06-18 22:38:30 DEBUG AStar:60 - Visiting: J
2024-06-18 22:38:30 DEBUG AStar:69 - Checking edge from J to N with weight 3.0
2024-06-18 22:38:30 DEBUG AStar:72 - Updating path to N. Previous gScore: Infinity, new gScore: 14.0
2024-06-18 22:38:30 DEBUG AStar:79 - Added N to open set.
2024-06-18 22:38:30 DEBUG AStar:60 - Visiting: G
2024-06-18 22:38:30 DEBUG AStar:69 - Checking edge from G to K with weight 1.0
2024-06-18 22:38:30 DEBUG AStar:72 - Updating path to K. Previous gScore: Infinity, new gScore: 11.0
2024-06-18 22:38:30 DEBUG AStar:79 - Added K to open set.
2024-06-18 22:38:30 DEBUG AStar:60 - Visiting: H
2024-06-18 22:38:30 DEBUG AStar:69 - Checking edge from H to L with weight 6.0
2024-06-18 22:38:30 DEBUG AStar:72 - Updating path to L. Previous gScore: Infinity, new gScore: 12.0
2024-06-18 22:38:30 DEBUG AStar:79 - Added L to open set.
2024-06-18 22:38:30 DEBUG AStar:60 - Visiting: M
2024-06-18 22:38:30 DEBUG AStar:98 - Total path cost: 13.0
2024-06-18 22:38:30 DEBUG AStar:99 - Path: [A, B, E, I, M]
2024-06-18 22:38:30 DEBUG PathfinderApplication:53 - Path found: [A, B, E, I, M]
2024-06-18 22:38:30 DEBUG PathfinderApplication:54 - Total path cost: 13.0
2024-06-18 22:38:38 DEBUG AStar:54 - Starting A* algorithm...
2024-06-18 22:38:38 DEBUG AStar:55 - Start: A
2024-06-18 22:38:38 DEBUG AStar:56 - Goal: M
2024-06-18 22:38:38 DEBUG AStar:60 - Visiting: A
2024-06-18 22:38:38 DEBUG AStar:69 - Checking edge from A to B with weight 1.0
2024-06-18 22:38:38 DEBUG AStar:72 - Updating path to B. Previous gScore: Infinity, new gScore: 1.0
2024-06-18 22:38:38 DEBUG AStar:79 - Added B to open set.
2024-06-18 22:38:38 DEBUG AStar:69 - Checking edge from A to C with weight 4.0
2024-06-18 22:38:38 DEBUG AStar:72 - Updating path to C. Previous gScore: Infinity, new gScore: 4.0
2024-06-18 22:38:38 DEBUG AStar:79 - Added C to open set.
2024-06-18 22:38:38 DEBUG AStar:60 - Visiting: B
2024-06-18 22:38:38 DEBUG AStar:69 - Checking edge from B to D with weight 2.0
2024-06-18 22:38:38 DEBUG AStar:72 - Updating path to D. Previous gScore: Infinity, new gScore: 3.0
2024-06-18 22:38:38 DEBUG AStar:79 - Added D to open set.
2024-06-18 22:38:38 DEBUG AStar:69 - Checking edge from B to E with weight 5.0
2024-06-18 22:38:38 DEBUG AStar:72 - Updating path to E. Previous gScore: Infinity, new gScore: 6.0
2024-06-18 22:38:38 DEBUG AStar:79 - Added E to open set.
2024-06-18 22:38:38 DEBUG AStar:60 - Visiting: C
2024-06-18 22:38:38 DEBUG AStar:69 - Checking edge from C to F with weight 3.0
2024-06-18 22:38:38 DEBUG AStar:72 - Updating path to F. Previous gScore: Infinity, new gScore: 7.0
2024-06-18 22:38:38 DEBUG AStar:79 - Added F to open set.
2024-06-18 22:38:38 DEBUG AStar:69 - Checking edge from C to G with weight 6.0
2024-06-18 22:38:38 DEBUG AStar:72 - Updating path to G. Previous gScore: Infinity, new gScore: 10.0
2024-06-18 22:38:38 DEBUG AStar:79 - Added G to open set.
2024-06-18 22:38:38 DEBUG AStar:60 - Visiting: E
2024-06-18 22:38:38 DEBUG AStar:69 - Checking edge from E to I with weight 2.0
2024-06-18 22:38:38 DEBUG AStar:72 - Updating path to I. Previous gScore: Infinity, new gScore: 8.0
2024-06-18 22:38:38 DEBUG AStar:79 - Added I to open set.
2024-06-18 22:38:38 DEBUG AStar:60 - Visiting: D
2024-06-18 22:38:38 DEBUG AStar:69 - Checking edge from D to H with weight 3.0
2024-06-18 22:38:38 DEBUG AStar:72 - Updating path to H. Previous gScore: Infinity, new gScore: 6.0
2024-06-18 22:38:38 DEBUG AStar:79 - Added H to open set.
2024-06-18 22:38:38 DEBUG AStar:60 - Visiting: I
2024-06-18 22:38:38 DEBUG AStar:69 - Checking edge from I to M with weight 5.0
2024-06-18 22:38:38 DEBUG AStar:72 - Updating path to M. Previous gScore: Infinity, new gScore: 13.0
2024-06-18 22:38:38 DEBUG AStar:79 - Added M to open set.
2024-06-18 22:38:38 DEBUG AStar:60 - Visiting: F
2024-06-18 22:38:38 DEBUG AStar:69 - Checking edge from F to J with weight 4.0
2024-06-18 22:38:38 DEBUG AStar:72 - Updating path to J. Previous gScore: Infinity, new gScore: 11.0
2024-06-18 22:38:38 DEBUG AStar:79 - Added J to open set.
2024-06-18 22:38:38 DEBUG AStar:60 - Visiting: J
2024-06-18 22:38:38 DEBUG AStar:69 - Checking edge from J to N with weight 3.0
2024-06-18 22:38:38 DEBUG AStar:72 - Updating path to N. Previous gScore: Infinity, new gScore: 14.0
2024-06-18 22:38:38 DEBUG AStar:79 - Added N to open set.
2024-06-18 22:38:38 DEBUG AStar:60 - Visiting: G
2024-06-18 22:38:38 DEBUG AStar:69 - Checking edge from G to K with weight 1.0
2024-06-18 22:38:38 DEBUG AStar:72 - Updating path to K. Previous gScore: Infinity, new gScore: 11.0
2024-06-18 22:38:38 DEBUG AStar:79 - Added K to open set.
2024-06-18 22:38:38 DEBUG AStar:60 - Visiting: H
2024-06-18 22:38:38 DEBUG AStar:69 - Checking edge from H to L with weight 6.0
2024-06-18 22:38:38 DEBUG AStar:72 - Updating path to L. Previous gScore: Infinity, new gScore: 12.0
2024-06-18 22:38:38 DEBUG AStar:79 - Added L to open set.
2024-06-18 22:38:38 DEBUG AStar:60 - Visiting: M
2024-06-18 22:38:38 DEBUG AStar:98 - Total path cost: 13.0
2024-06-18 22:38:38 DEBUG AStar:99 - Path: [A, B, E, I, M]
2024-06-18 22:38:38 DEBUG PathfinderApplication:53 - Path found: [A, B, E, I, M]
2024-06-18 22:38:38 DEBUG PathfinderApplication:54 - Total path cost: 13.0
2024-06-18 22:39:39 DEBUG AStar - Starting A* algorithm...
2024-06-18 22:39:39 DEBUG AStar - Start: A
2024-06-18 22:39:39 DEBUG AStar - Goal: M
2024-06-18 22:39:39 DEBUG AStar - Visiting: A
2024-06-18 22:39:39 DEBUG AStar - Checking edge from A to B with weight 1.0
2024-06-18 22:39:39 DEBUG AStar - Updating path to B. Previous gScore: Infinity, new gScore: 1.0
2024-06-18 22:39:39 DEBUG AStar - Added B to open set.
2024-06-18 22:39:39 DEBUG AStar - Checking edge from A to C with weight 4.0
2024-06-18 22:39:39 DEBUG AStar - Updating path to C. Previous gScore: Infinity, new gScore: 4.0
2024-06-18 22:39:39 DEBUG AStar - Added C to open set.
2024-06-18 22:39:39 DEBUG AStar - Visiting: B
2024-06-18 22:39:39 DEBUG AStar - Checking edge from B to D with weight 2.0
2024-06-18 22:39:39 DEBUG AStar - Updating path to D. Previous gScore: Infinity, new gScore: 3.0
2024-06-18 22:39:39 DEBUG AStar - Added D to open set.
2024-06-18 22:39:39 DEBUG AStar - Checking edge from B to E with weight 5.0
2024-06-18 22:39:39 DEBUG AStar - Updating path to E. Previous gScore: Infinity, new gScore: 6.0
2024-06-18 22:39:39 DEBUG AStar - Added E to open set.
2024-06-18 22:39:39 DEBUG AStar - Visiting: C
2024-06-18 22:39:39 DEBUG AStar - Checking edge from C to F with weight 3.0
2024-06-18 22:39:39 DEBUG AStar - Updating path to F. Previous gScore: Infinity, new gScore: 7.0
2024-06-18 22:39:39 DEBUG AStar - Added F to open set.
2024-06-18 22:39:39 DEBUG AStar - Checking edge from C to G with weight 6.0
2024-06-18 22:39:39 DEBUG AStar - Updating path to G. Previous gScore: Infinity, new gScore: 10.0
2024-06-18 22:39:39 DEBUG AStar - Added G to open set.
2024-06-18 22:39:39 DEBUG AStar - Visiting: E
2024-06-18 22:39:39 DEBUG AStar - Checking edge from E to I with weight 2.0
2024-06-18 22:39:39 DEBUG AStar - Updating path to I. Previous gScore: Infinity, new gScore: 8.0
2024-06-18 22:39:39 DEBUG AStar - Added I to open set.
2024-06-18 22:39:39 DEBUG AStar - Visiting: D
2024-06-18 22:39:39 DEBUG AStar - Checking edge from D to H with weight 3.0
2024-06-18 22:39:39 DEBUG AStar - Updating path to H. Previous gScore: Infinity, new gScore: 6.0
2024-06-18 22:39:39 DEBUG AStar - Added H to open set.
2024-06-18 22:39:39 DEBUG AStar - Visiting: I
2024-06-18 22:39:39 DEBUG AStar - Checking edge from I to M with weight 5.0
2024-06-18 22:39:39 DEBUG AStar - Updating path to M. Previous gScore: Infinity, new gScore: 13.0
2024-06-18 22:39:39 DEBUG AStar - Added M to open set.
2024-06-18 22:39:39 DEBUG AStar - Visiting: F
2024-06-18 22:39:39 DEBUG AStar - Checking edge from F to J with weight 4.0
2024-06-18 22:39:39 DEBUG AStar - Updating path to J. Previous gScore: Infinity, new gScore: 11.0
2024-06-18 22:39:39 DEBUG AStar - Added J to open set.
2024-06-18 22:39:39 DEBUG AStar - Visiting: J
2024-06-18 22:39:39 DEBUG AStar - Checking edge from J to N with weight 3.0
2024-06-18 22:39:39 DEBUG AStar - Updating path to N. Previous gScore: Infinity, new gScore: 14.0
2024-06-18 22:39:39 DEBUG AStar - Added N to open set.
2024-06-18 22:39:39 DEBUG AStar - Visiting: G
2024-06-18 22:39:39 DEBUG AStar - Checking edge from G to K with weight 1.0
2024-06-18 22:39:39 DEBUG AStar - Updating path to K. Previous gScore: Infinity, new gScore: 11.0
2024-06-18 22:39:39 DEBUG AStar - Added K to open set.
2024-06-18 22:39:39 DEBUG AStar - Visiting: H
2024-06-18 22:39:39 DEBUG AStar - Checking edge from H to L with weight 6.0
2024-06-18 22:39:39 DEBUG AStar - Updating path to L. Previous gScore: Infinity, new gScore: 12.0
2024-06-18 22:39:39 DEBUG AStar - Added L to open set.
2024-06-18 22:39:39 DEBUG AStar - Visiting: M
2024-06-18 22:39:39 DEBUG AStar - Total path cost: 13.0
2024-06-18 22:39:39 DEBUG AStar - Path: [A, B, E, I, M]
2024-06-18 22:39:39 DEBUG PathfinderApplication - Path found: [A, B, E, I, M]
2024-06-18 22:39:39 DEBUG PathfinderApplication - Total path cost: 13.0
2024-06-18 22:40:03 DEBUG AStar:54 - Starting A* algorithm...
2024-06-18 22:40:03 DEBUG AStar:55 - Start: A
2024-06-18 22:40:03 DEBUG AStar:56 - Goal: M
2024-06-18 22:40:03 DEBUG AStar:60 - Visiting: A
2024-06-18 22:40:03 DEBUG AStar:69 - Checking edge from A to B with weight 1.0
2024-06-18 22:40:03 DEBUG AStar:72 - Updating path to B. Previous gScore: Infinity, new gScore: 1.0
2024-06-18 22:40:03 DEBUG AStar:79 - Added B to open set.
2024-06-18 22:40:03 DEBUG AStar:69 - Checking edge from A to C with weight 4.0
2024-06-18 22:40:03 DEBUG AStar:72 - Updating path to C. Previous gScore: Infinity, new gScore: 4.0
2024-06-18 22:40:03 DEBUG AStar:79 - Added C to open set.
2024-06-18 22:40:03 DEBUG AStar:60 - Visiting: B
2024-06-18 22:40:03 DEBUG AStar:69 - Checking edge from B to D with weight 2.0
2024-06-18 22:40:03 DEBUG AStar:72 - Updating path to D. Previous gScore: Infinity, new gScore: 3.0
2024-06-18 22:40:03 DEBUG AStar:79 - Added D to open set.
2024-06-18 22:40:03 DEBUG AStar:69 - Checking edge from B to E with weight 5.0
2024-06-18 22:40:03 DEBUG AStar:72 - Updating path to E. Previous gScore: Infinity, new gScore: 6.0
2024-06-18 22:40:03 DEBUG AStar:79 - Added E to open set.
2024-06-18 22:40:03 DEBUG AStar:60 - Visiting: C
2024-06-18 22:40:03 DEBUG AStar:69 - Checking edge from C to F with weight 3.0
2024-06-18 22:40:03 DEBUG AStar:72 - Updating path to F. Previous gScore: Infinity, new gScore: 7.0
2024-06-18 22:40:03 DEBUG AStar:79 - Added F to open set.
2024-06-18 22:40:03 DEBUG AStar:69 - Checking edge from C to G with weight 6.0
2024-06-18 22:40:03 DEBUG AStar:72 - Updating path to G. Previous gScore: Infinity, new gScore: 10.0
2024-06-18 22:40:03 DEBUG AStar:79 - Added G to open set.
2024-06-18 22:40:03 DEBUG AStar:60 - Visiting: E
2024-06-18 22:40:03 DEBUG AStar:69 - Checking edge from E to I with weight 2.0
2024-06-18 22:40:03 DEBUG AStar:72 - Updating path to I. Previous gScore: Infinity, new gScore: 8.0
2024-06-18 22:40:03 DEBUG AStar:79 - Added I to open set.
2024-06-18 22:40:03 DEBUG AStar:60 - Visiting: D
2024-06-18 22:40:03 DEBUG AStar:69 - Checking edge from D to H with weight 3.0
2024-06-18 22:40:03 DEBUG AStar:72 - Updating path to H. Previous gScore: Infinity, new gScore: 6.0
2024-06-18 22:40:03 DEBUG AStar:79 - Added H to open set.
2024-06-18 22:40:03 DEBUG AStar:60 - Visiting: I
2024-06-18 22:40:03 DEBUG AStar:69 - Checking edge from I to M with weight 5.0
2024-06-18 22:40:03 DEBUG AStar:72 - Updating path to M. Previous gScore: Infinity, new gScore: 13.0
2024-06-18 22:40:03 DEBUG AStar:79 - Added M to open set.
2024-06-18 22:40:03 DEBUG AStar:60 - Visiting: F
2024-06-18 22:40:03 DEBUG AStar:69 - Checking edge from F to J with weight 4.0
2024-06-18 22:40:03 DEBUG AStar:72 - Updating path to J. Previous gScore: Infinity, new gScore: 11.0
2024-06-18 22:40:03 DEBUG AStar:79 - Added J to open set.
2024-06-18 22:40:03 DEBUG AStar:60 - Visiting: J
2024-06-18 22:40:03 DEBUG AStar:69 - Checking edge from J to N with weight 3.0
2024-06-18 22:40:03 DEBUG AStar:72 - Updating path to N. Previous gScore: Infinity, new gScore: 14.0
2024-06-18 22:40:03 DEBUG AStar:79 - Added N to open set.
2024-06-18 22:40:03 DEBUG AStar:60 - Visiting: G
2024-06-18 22:40:03 DEBUG AStar:69 - Checking edge from G to K with weight 1.0
2024-06-18 22:40:03 DEBUG AStar:72 - Updating path to K. Previous gScore: Infinity, new gScore: 11.0
2024-06-18 22:40:03 DEBUG AStar:79 - Added K to open set.
2024-06-18 22:40:03 DEBUG AStar:60 - Visiting: H
2024-06-18 22:40:03 DEBUG AStar:69 - Checking edge from H to L with weight 6.0
2024-06-18 22:40:03 DEBUG AStar:72 - Updating path to L. Previous gScore: Infinity, new gScore: 12.0
2024-06-18 22:40:03 DEBUG AStar:79 - Added L to open set.
2024-06-18 22:40:03 DEBUG AStar:60 - Visiting: M
2024-06-18 22:40:03 DEBUG AStar:98 - Total path cost: 13.0
2024-06-18 22:40:03 DEBUG AStar:99 - Path: [A, B, E, I, M]
2024-06-18 22:40:03 DEBUG PathfinderApplication:53 - Path found: [A, B, E, I, M]
2024-06-18 22:40:03 DEBUG PathfinderApplication:54 - Total path cost: 13.0
2024-06-18 22:40:16 DEBUG AStar - Starting A* algorithm...
2024-06-18 22:40:16 DEBUG AStar - Start: A
2024-06-18 22:40:16 DEBUG AStar - Goal: M
2024-06-18 22:40:16 DEBUG AStar - Visiting: A
2024-06-18 22:40:16 DEBUG AStar - Checking edge from A to B with weight 1.0
2024-06-18 22:40:16 DEBUG AStar - Updating path to B. Previous gScore: Infinity, new gScore: 1.0
2024-06-18 22:40:16 DEBUG AStar - Added B to open set.
2024-06-18 22:40:16 DEBUG AStar - Checking edge from A to C with weight 4.0
2024-06-18 22:40:16 DEBUG AStar - Updating path to C. Previous gScore: Infinity, new gScore: 4.0
2024-06-18 22:40:16 DEBUG AStar - Added C to open set.
2024-06-18 22:40:16 DEBUG AStar - Visiting: B
2024-06-18 22:40:16 DEBUG AStar - Checking edge from B to D with weight 2.0
2024-06-18 22:40:16 DEBUG AStar - Updating path to D. Previous gScore: Infinity, new gScore: 3.0
2024-06-18 22:40:16 DEBUG AStar - Added D to open set.
2024-06-18 22:40:16 DEBUG AStar - Checking edge from B to E with weight 5.0
2024-06-18 22:40:16 DEBUG AStar - Updating path to E. Previous gScore: Infinity, new gScore: 6.0
2024-06-18 22:40:16 DEBUG AStar - Added E to open set.
2024-06-18 22:40:16 DEBUG AStar - Visiting: C
2024-06-18 22:40:16 DEBUG AStar - Checking edge from C to F with weight 3.0
2024-06-18 22:40:16 DEBUG AStar - Updating path to F. Previous gScore: Infinity, new gScore: 7.0
2024-06-18 22:40:16 DEBUG AStar - Added F to open set.
2024-06-18 22:40:16 DEBUG AStar - Checking edge from C to G with weight 6.0
2024-06-18 22:40:16 DEBUG AStar - Updating path to G. Previous gScore: Infinity, new gScore: 10.0
2024-06-18 22:40:16 DEBUG AStar - Added G to open set.
2024-06-18 22:40:16 DEBUG AStar - Visiting: E
2024-06-18 22:40:16 DEBUG AStar - Checking edge from E to I with weight 2.0
2024-06-18 22:40:16 DEBUG AStar - Updating path to I. Previous gScore: Infinity, new gScore: 8.0
2024-06-18 22:40:16 DEBUG AStar - Added I to open set.
2024-06-18 22:40:16 DEBUG AStar - Visiting: D
2024-06-18 22:40:16 DEBUG AStar - Checking edge from D to H with weight 3.0
2024-06-18 22:40:16 DEBUG AStar - Updating path to H. Previous gScore: Infinity, new gScore: 6.0
2024-06-18 22:40:16 DEBUG AStar - Added H to open set.
2024-06-18 22:40:16 DEBUG AStar - Visiting: I
2024-06-18 22:40:16 DEBUG AStar - Checking edge from I to M with weight 5.0
2024-06-18 22:40:16 DEBUG AStar - Updating path to M. Previous gScore: Infinity, new gScore: 13.0
2024-06-18 22:40:16 DEBUG AStar - Added M to open set.
2024-06-18 22:40:16 DEBUG AStar - Visiting: F
2024-06-18 22:40:16 DEBUG AStar - Checking edge from F to J with weight 4.0
2024-06-18 22:40:16 DEBUG AStar - Updating path to J. Previous gScore: Infinity, new gScore: 11.0
2024-06-18 22:40:16 DEBUG AStar - Added J to open set.
2024-06-18 22:40:16 DEBUG AStar - Visiting: J
2024-06-18 22:40:16 DEBUG AStar - Checking edge from J to N with weight 3.0
2024-06-18 22:40:16 DEBUG AStar - Updating path to N. Previous gScore: Infinity, new gScore: 14.0
2024-06-18 22:40:16 DEBUG AStar - Added N to open set.
2024-06-18 22:40:16 DEBUG AStar - Visiting: G
2024-06-18 22:40:16 DEBUG AStar - Checking edge from G to K with weight 1.0
2024-06-18 22:40:16 DEBUG AStar - Updating path to K. Previous gScore: Infinity, new gScore: 11.0
2024-06-18 22:40:16 DEBUG AStar - Added K to open set.
2024-06-18 22:40:16 DEBUG AStar - Visiting: H
2024-06-18 22:40:16 DEBUG AStar - Checking edge from H to L with weight 6.0
2024-06-18 22:40:16 DEBUG AStar - Updating path to L. Previous gScore: Infinity, new gScore: 12.0
2024-06-18 22:40:16 DEBUG AStar - Added L to open set.
2024-06-18 22:40:16 DEBUG AStar - Visiting: M
2024-06-18 22:40:16 DEBUG AStar - Total path cost: 13.0
2024-06-18 22:40:16 DEBUG AStar - Path: [A, B, E, I, M]
2024-06-18 22:40:16 DEBUG PathfinderApplication - Path found: [A, B, E, I, M]
2024-06-18 22:40:16 DEBUG PathfinderApplication - Total path cost: 13.0
2024-06-18 22:42:03 DEBUG AStar - Starting A* algorithm...
2024-06-18 22:42:03 DEBUG AStar - Start: A
2024-06-18 22:42:03 DEBUG AStar - Goal: L
2024-06-18 22:42:03 DEBUG AStar - Visiting: A
2024-06-18 22:42:03 DEBUG AStar - Checking edge from A to B with weight 1.0
2024-06-18 22:42:03 DEBUG AStar - Updating path to B. Previous gScore: Infinity, new gScore: 1.0
2024-06-18 22:42:03 DEBUG AStar - Added B to open set.
2024-06-18 22:42:03 DEBUG AStar - Checking edge from A to C with weight 4.0
2024-06-18 22:42:03 DEBUG AStar - Updating path to C. Previous gScore: Infinity, new gScore: 4.0
2024-06-18 22:42:03 DEBUG AStar - Added C to open set.
2024-06-18 22:42:03 DEBUG AStar - Visiting: B
2024-06-18 22:42:03 DEBUG AStar - Checking edge from B to D with weight 2.0
2024-06-18 22:42:03 DEBUG AStar - Updating path to D. Previous gScore: Infinity, new gScore: 3.0
2024-06-18 22:42:03 DEBUG AStar - Added D to open set.
2024-06-18 22:42:03 DEBUG AStar - Checking edge from B to E with weight 5.0
2024-06-18 22:42:03 DEBUG AStar - Updating path to E. Previous gScore: Infinity, new gScore: 6.0
2024-06-18 22:42:03 DEBUG AStar - Added E to open set.
2024-06-18 22:42:03 DEBUG AStar - Visiting: C
2024-06-18 22:42:03 DEBUG AStar - Checking edge from C to F with weight 3.0
2024-06-18 22:42:03 DEBUG AStar - Updating path to F. Previous gScore: Infinity, new gScore: 7.0
2024-06-18 22:42:03 DEBUG AStar - Added F to open set.
2024-06-18 22:42:03 DEBUG AStar - Checking edge from C to G with weight 6.0
2024-06-18 22:42:03 DEBUG AStar - Updating path to G. Previous gScore: Infinity, new gScore: 10.0
2024-06-18 22:42:03 DEBUG AStar - Added G to open set.
2024-06-18 22:42:03 DEBUG AStar - Visiting: E
2024-06-18 22:42:03 DEBUG AStar - Checking edge from E to I with weight 2.0
2024-06-18 22:42:03 DEBUG AStar - Updating path to I. Previous gScore: Infinity, new gScore: 8.0
2024-06-18 22:42:03 DEBUG AStar - Added I to open set.
2024-06-18 22:42:03 DEBUG AStar - Visiting: D
2024-06-18 22:42:03 DEBUG AStar - Checking edge from D to H with weight 3.0
2024-06-18 22:42:03 DEBUG AStar - Updating path to H. Previous gScore: Infinity, new gScore: 6.0
2024-06-18 22:42:03 DEBUG AStar - Added H to open set.
2024-06-18 22:42:03 DEBUG AStar - Checking edge from D to L with weight 12.0
2024-06-18 22:42:03 DEBUG AStar - Updating path to L. Previous gScore: Infinity, new gScore: 15.0
2024-06-18 22:42:03 DEBUG AStar - Added L to open set.
2024-06-18 22:42:03 DEBUG AStar - Visiting: I
2024-06-18 22:42:03 DEBUG AStar - Checking edge from I to M with weight 5.0
2024-06-18 22:42:03 DEBUG AStar - Updating path to M. Previous gScore: Infinity, new gScore: 13.0
2024-06-18 22:42:03 DEBUG AStar - Added M to open set.
2024-06-18 22:42:03 DEBUG AStar - Visiting: F
2024-06-18 22:42:03 DEBUG AStar - Checking edge from F to J with weight 4.0
2024-06-18 22:42:03 DEBUG AStar - Updating path to J. Previous gScore: Infinity, new gScore: 11.0
2024-06-18 22:42:03 DEBUG AStar - Added J to open set.
2024-06-18 22:42:03 DEBUG AStar - Visiting: J
2024-06-18 22:42:03 DEBUG AStar - Checking edge from J to N with weight 3.0
2024-06-18 22:42:03 DEBUG AStar - Updating path to N. Previous gScore: Infinity, new gScore: 14.0
2024-06-18 22:42:03 DEBUG AStar - Added N to open set.
2024-06-18 22:42:03 DEBUG AStar - Visiting: H
2024-06-18 22:42:03 DEBUG AStar - Checking edge from H to L with weight 6.0
2024-06-18 22:42:03 DEBUG AStar - Updating path to L. Previous gScore: 15.0, new gScore: 12.0
2024-06-18 22:42:03 DEBUG AStar - Visiting: G
2024-06-18 22:42:03 DEBUG AStar - Checking edge from G to K with weight 1.0
2024-06-18 22:42:03 DEBUG AStar - Updating path to K. Previous gScore: Infinity, new gScore: 11.0
2024-06-18 22:42:03 DEBUG AStar - Added K to open set.
2024-06-18 22:42:03 DEBUG AStar - Visiting: M
2024-06-18 22:42:03 DEBUG AStar - Visiting: N
2024-06-18 22:42:03 DEBUG AStar - Visiting: L
2024-06-18 22:42:03 DEBUG AStar - Total path cost: 12.0
2024-06-18 22:42:03 DEBUG AStar - Path: [A, B, D, H, L]
2024-06-18 22:42:03 DEBUG AStar - Starting A* algorithm...
2024-06-18 22:42:03 DEBUG AStar - Start: A
2024-06-18 22:42:03 DEBUG AStar - Goal: N
2024-06-18 22:42:03 DEBUG AStar - Visiting: A
2024-06-18 22:42:03 DEBUG AStar - Checking edge from A to B with weight 1.0
2024-06-18 22:42:03 DEBUG AStar - Updating path to B. Previous gScore: Infinity, new gScore: 1.0
2024-06-18 22:42:03 DEBUG AStar - Added B to open set.
2024-06-18 22:42:03 DEBUG AStar - Checking edge from A to C with weight 4.0
2024-06-18 22:42:03 DEBUG AStar - Updating path to C. Previous gScore: Infinity, new gScore: 4.0
2024-06-18 22:42:03 DEBUG AStar - Added C to open set.
2024-06-18 22:42:03 DEBUG AStar - Visiting: B
2024-06-18 22:42:03 DEBUG AStar - Checking edge from B to D with weight 2.0
2024-06-18 22:42:03 DEBUG AStar - Updating path to D. Previous gScore: Infinity, new gScore: 3.0
2024-06-18 22:42:03 DEBUG AStar - Added D to open set.
2024-06-18 22:42:03 DEBUG AStar - Checking edge from B to E with weight 5.0
2024-06-18 22:42:03 DEBUG AStar - Updating path to E. Previous gScore: Infinity, new gScore: 6.0
2024-06-18 22:42:03 DEBUG AStar - Added E to open set.
2024-06-18 22:42:03 DEBUG AStar - Visiting: C
2024-06-18 22:42:03 DEBUG AStar - Checking edge from C to F with weight 3.0
2024-06-18 22:42:03 DEBUG AStar - Updating path to F. Previous gScore: Infinity, new gScore: 7.0
2024-06-18 22:42:03 DEBUG AStar - Added F to open set.
2024-06-18 22:42:03 DEBUG AStar - Checking edge from C to G with weight 6.0
2024-06-18 22:42:03 DEBUG AStar - Updating path to G. Previous gScore: Infinity, new gScore: 10.0
2024-06-18 22:42:03 DEBUG AStar - Added G to open set.
2024-06-18 22:42:03 DEBUG AStar - Visiting: E
2024-06-18 22:42:03 DEBUG AStar - Checking edge from E to I with weight 2.0
2024-06-18 22:42:03 DEBUG AStar - Updating path to I. Previous gScore: Infinity, new gScore: 8.0
2024-06-18 22:42:03 DEBUG AStar - Added I to open set.
2024-06-18 22:42:03 DEBUG AStar - Visiting: D
2024-06-18 22:42:03 DEBUG AStar - Checking edge from D to H with weight 3.0
2024-06-18 22:42:03 DEBUG AStar - Updating path to H. Previous gScore: Infinity, new gScore: 6.0
2024-06-18 22:42:03 DEBUG AStar - Added H to open set.
2024-06-18 22:42:03 DEBUG AStar - Checking edge from D to L with weight 12.0
2024-06-18 22:42:03 DEBUG AStar - Updating path to L. Previous gScore: Infinity, new gScore: 15.0
2024-06-18 22:42:03 DEBUG AStar - Added L to open set.
2024-06-18 22:42:03 DEBUG AStar - Visiting: I
2024-06-18 22:42:03 DEBUG AStar - Checking edge from I to M with weight 5.0
2024-06-18 22:42:03 DEBUG AStar - Updating path to M. Previous gScore: Infinity, new gScore: 13.0
2024-06-18 22:42:03 DEBUG AStar - Added M to open set.
2024-06-18 22:42:03 DEBUG AStar - Visiting: F
2024-06-18 22:42:03 DEBUG AStar - Checking edge from F to J with weight 4.0
2024-06-18 22:42:03 DEBUG AStar - Updating path to J. Previous gScore: Infinity, new gScore: 11.0
2024-06-18 22:42:03 DEBUG AStar - Added J to open set.
2024-06-18 22:42:03 DEBUG AStar - Visiting: J
2024-06-18 22:42:03 DEBUG AStar - Checking edge from J to N with weight 3.0
2024-06-18 22:42:03 DEBUG AStar - Updating path to N. Previous gScore: Infinity, new gScore: 14.0
2024-06-18 22:42:03 DEBUG AStar - Added N to open set.
2024-06-18 22:42:03 DEBUG AStar - Visiting: H
2024-06-18 22:42:03 DEBUG AStar - Checking edge from H to L with weight 6.0
2024-06-18 22:42:03 DEBUG AStar - Updating path to L. Previous gScore: 15.0, new gScore: 12.0
2024-06-18 22:42:03 DEBUG AStar - Visiting: G
2024-06-18 22:42:03 DEBUG AStar - Checking edge from G to K with weight 1.0
2024-06-18 22:42:03 DEBUG AStar - Updating path to K. Previous gScore: Infinity, new gScore: 11.0
2024-06-18 22:42:03 DEBUG AStar - Added K to open set.
2024-06-18 22:42:03 DEBUG AStar - Visiting: M
2024-06-18 22:42:03 DEBUG AStar - Visiting: N
2024-06-18 22:42:03 DEBUG AStar - Total path cost: 14.0
2024-06-18 22:42:03 DEBUG AStar - Path: [A, C, F, J, N]
2024-06-18 22:42:03 DEBUG AStar - Starting A* algorithm...
2024-06-18 22:42:03 DEBUG AStar - Start: P
2024-06-18 22:42:03 DEBUG AStar - Goal: V
2024-06-18 22:42:03 DEBUG AStar - Visiting: P
2024-06-18 22:42:03 DEBUG AStar - Checking edge from P to Q with weight 1.0
2024-06-18 22:42:03 DEBUG AStar - Updating path to Q. Previous gScore: Infinity, new gScore: 1.0
2024-06-18 22:42:03 DEBUG AStar - Added Q to open set.
2024-06-18 22:42:03 DEBUG AStar - Checking edge from P to R with weight 1.0
2024-06-18 22:42:03 DEBUG AStar - Updating path to R. Previous gScore: Infinity, new gScore: 1.0
2024-06-18 22:42:03 DEBUG AStar - Added R to open set.
2024-06-18 22:42:03 DEBUG AStar - Visiting: Q
2024-06-18 22:42:03 DEBUG AStar - Checking edge from Q to S with weight 1.0
2024-06-18 22:42:03 DEBUG AStar - Updating path to S. Previous gScore: Infinity, new gScore: 2.0
2024-06-18 22:42:03 DEBUG AStar - Added S to open set.
2024-06-18 22:42:03 DEBUG AStar - Visiting: S
2024-06-18 22:42:03 DEBUG AStar - Checking edge from S to T with weight 1.0
2024-06-18 22:42:03 DEBUG AStar - Updating path to T. Previous gScore: Infinity, new gScore: 3.0
2024-06-18 22:42:03 DEBUG AStar - Added T to open set.
2024-06-18 22:42:03 DEBUG AStar - Visiting: T
2024-06-18 22:42:03 DEBUG AStar - Checking edge from T to V with weight 1.0
2024-06-18 22:42:03 DEBUG AStar - Updating path to V. Previous gScore: Infinity, new gScore: 4.0
2024-06-18 22:42:03 DEBUG AStar - Added V to open set.
2024-06-18 22:42:03 DEBUG AStar - Checking edge from T to U with weight 1.0
2024-06-18 22:42:03 DEBUG AStar - Updating path to U. Previous gScore: Infinity, new gScore: 4.0
2024-06-18 22:42:03 DEBUG AStar - Added U to open set.
2024-06-18 22:42:03 DEBUG AStar - Visiting: V
2024-06-18 22:42:03 DEBUG AStar - Total path cost: 4.0
2024-06-18 22:42:03 DEBUG AStar - Path: [P, Q, S, T, V]
2024-06-18 22:42:03 DEBUG AStar - Starting A* algorithm...
2024-06-18 22:42:03 DEBUG AStar - Start: A
2024-06-18 22:42:03 DEBUG AStar - Goal: Y
2024-06-18 22:42:03 DEBUG AStar - Visiting: A
2024-06-18 22:42:03 DEBUG AStar - Checking edge from A to B with weight 1.0
2024-06-18 22:42:03 DEBUG AStar - Updating path to B. Previous gScore: Infinity, new gScore: 1.0
2024-06-18 22:42:03 DEBUG AStar - Added B to open set.
2024-06-18 22:42:03 DEBUG AStar - Checking edge from A to C with weight 4.0
2024-06-18 22:42:03 DEBUG AStar - Updating path to C. Previous gScore: Infinity, new gScore: 4.0
2024-06-18 22:42:03 DEBUG AStar - Added C to open set.
2024-06-18 22:42:03 DEBUG AStar - Visiting: B
2024-06-18 22:42:03 DEBUG AStar - Checking edge from B to D with weight 2.0
2024-06-18 22:42:03 DEBUG AStar - Updating path to D. Previous gScore: Infinity, new gScore: 3.0
2024-06-18 22:42:03 DEBUG AStar - Added D to open set.
2024-06-18 22:42:03 DEBUG AStar - Checking edge from B to E with weight 5.0
2024-06-18 22:42:03 DEBUG AStar - Updating path to E. Previous gScore: Infinity, new gScore: 6.0
2024-06-18 22:42:03 DEBUG AStar - Added E to open set.
2024-06-18 22:42:03 DEBUG AStar - Visiting: C
2024-06-18 22:42:03 DEBUG AStar - Checking edge from C to F with weight 3.0
2024-06-18 22:42:03 DEBUG AStar - Updating path to F. Previous gScore: Infinity, new gScore: 7.0
2024-06-18 22:42:03 DEBUG AStar - Added F to open set.
2024-06-18 22:42:03 DEBUG AStar - Checking edge from C to G with weight 6.0
2024-06-18 22:42:03 DEBUG AStar - Updating path to G. Previous gScore: Infinity, new gScore: 10.0
2024-06-18 22:42:03 DEBUG AStar - Added G to open set.
2024-06-18 22:42:03 DEBUG AStar - Visiting: E
2024-06-18 22:42:03 DEBUG AStar - Checking edge from E to I with weight 2.0
2024-06-18 22:42:03 DEBUG AStar - Updating path to I. Previous gScore: Infinity, new gScore: 8.0
2024-06-18 22:42:03 DEBUG AStar - Added I to open set.
2024-06-18 22:42:03 DEBUG AStar - Visiting: D
2024-06-18 22:42:03 DEBUG AStar - Checking edge from D to H with weight 3.0
2024-06-18 22:42:03 DEBUG AStar - Updating path to H. Previous gScore: Infinity, new gScore: 6.0
2024-06-18 22:42:03 DEBUG AStar - Added H to open set.
2024-06-18 22:42:03 DEBUG AStar - Checking edge from D to L with weight 12.0
2024-06-18 22:42:03 DEBUG AStar - Updating path to L. Previous gScore: Infinity, new gScore: 15.0
2024-06-18 22:42:03 DEBUG AStar - Added L to open set.
2024-06-18 22:42:03 DEBUG AStar - Visiting: I
2024-06-18 22:42:03 DEBUG AStar - Checking edge from I to M with weight 5.0
2024-06-18 22:42:03 DEBUG AStar - Updating path to M. Previous gScore: Infinity, new gScore: 13.0
2024-06-18 22:42:03 DEBUG AStar - Added M to open set.
2024-06-18 22:42:03 DEBUG AStar - Visiting: F
2024-06-18 22:42:03 DEBUG AStar - Checking edge from F to J with weight 4.0
2024-06-18 22:42:03 DEBUG AStar - Updating path to J. Previous gScore: Infinity, new gScore: 11.0
2024-06-18 22:42:03 DEBUG AStar - Added J to open set.
2024-06-18 22:42:03 DEBUG AStar - Visiting: J
2024-06-18 22:42:03 DEBUG AStar - Checking edge from J to N with weight 3.0
2024-06-18 22:42:03 DEBUG AStar - Updating path to N. Previous gScore: Infinity, new gScore: 14.0
2024-06-18 22:42:03 DEBUG AStar - Added N to open set.
2024-06-18 22:42:03 DEBUG AStar - Visiting: H
2024-06-18 22:42:03 DEBUG AStar - Checking edge from H to L with weight 6.0
2024-06-18 22:42:03 DEBUG AStar - Updating path to L. Previous gScore: 15.0, new gScore: 12.0
2024-06-18 22:42:03 DEBUG AStar - Visiting: G
2024-06-18 22:42:03 DEBUG AStar - Checking edge from G to K with weight 1.0
2024-06-18 22:42:03 DEBUG AStar - Updating path to K. Previous gScore: Infinity, new gScore: 11.0
2024-06-18 22:42:03 DEBUG AStar - Added K to open set.
2024-06-18 22:42:03 DEBUG AStar - Visiting: M
2024-06-18 22:42:03 DEBUG AStar - Visiting: N
2024-06-18 22:42:03 DEBUG AStar - Visiting: L
2024-06-18 22:42:03 DEBUG AStar - Visiting: K
2024-06-18 22:42:03 DEBUG AStar - Checking edge from K to O with weight 7.0
2024-06-18 22:42:03 DEBUG AStar - Updating path to O. Previous gScore: Infinity, new gScore: 18.0
2024-06-18 22:42:03 DEBUG AStar - Added O to open set.
2024-06-18 22:42:03 DEBUG AStar - Visiting: O
2024-06-18 22:42:03 ERROR AStar - No path found to goal: Y
2024-06-18 22:42:03 DEBUG AStar - Starting A* algorithm...
2024-06-18 22:42:03 DEBUG AStar - Start: A
2024-06-18 22:42:03 DEBUG AStar - Goal: A
2024-06-18 22:42:03 DEBUG AStar - Visiting: A
2024-06-18 22:42:03 DEBUG AStar - Total path cost: 0.0
2024-06-18 22:42:03 DEBUG AStar - Path: [A]
